Compiling the C compiler identification source file "CMakeCCompilerId.c" failed.
Compiler: /usr/local/eosio.cdt/bin/eosio-cc 
Build flags: ;-O3;
Id flags: 

The output was:
255
/usr/local/eosio.cdt/bin/wasm-ld: error: cannot open /tmp/CMakeCCompilerId.c.o: No such file or directory


Compiling the CXX compiler identification source file "CMakeCXXCompilerId.cpp" failed.
Compiler: /usr/local/eosio.cdt/bin/eosio-cpp 
Build flags: ;-O3;
Id flags: 

The output was:
255
/usr/local/eosio.cdt/bin/wasm-ld: error: duplicate symbol: main(int, char**)
>>> defined in /tmp/CMakeCXXCompilerId.cpp.o
>>> defined in /tmp/CMakeCXXCompilerId.cpp.o

/usr/local/eosio.cdt/bin/wasm-ld: error: duplicate symbol: info_platform
>>> defined in /tmp/CMakeCXXCompilerId.cpp.o
>>> defined in /tmp/CMakeCXXCompilerId.cpp.o

/usr/local/eosio.cdt/bin/wasm-ld: error: duplicate symbol: info_compiler
>>> defined in /tmp/CMakeCXXCompilerId.cpp.o
>>> defined in /tmp/CMakeCXXCompilerId.cpp.o

/usr/local/eosio.cdt/bin/wasm-ld: error: duplicate symbol: info_language_dialect_default
>>> defined in /tmp/CMakeCXXCompilerId.cpp.o
>>> defined in /tmp/CMakeCXXCompilerId.cpp.o

/usr/local/eosio.cdt/bin/wasm-ld: error: duplicate symbol: info_arch
>>> defined in /tmp/CMakeCXXCompilerId.cpp.o
>>> defined in /tmp/CMakeCXXCompilerId.cpp.o


Detecting C compiler ABI info failed to compile with the following output:
Change Dir: /home/sean/Documents/briko/sean/eosio.cdt/examples/hello/build/hello/CMakeFiles/CMakeTmp

Run Build Command:"/usr/bin/make" "cmTC_c5100/fast"
make[3]: Entering directory '/home/sean/Documents/briko/sean/eosio.cdt/examples/hello/build/hello/CMakeFiles/CMakeTmp'
/usr/bin/make -f CMakeFiles/cmTC_c5100.dir/build.make CMakeFiles/cmTC_c5100.dir/build
make[4]: Entering directory '/home/sean/Documents/briko/sean/eosio.cdt/examples/hello/build/hello/CMakeFiles/CMakeTmp'
Building C object CMakeFiles/cmTC_c5100.dir/CMakeCCompilerABI.c.obj
/usr/local/eosio.cdt/bin/eosio-cc     -o CMakeFiles/cmTC_c5100.dir/CMakeCCompilerABI.c.obj   -c /usr/share/cmake-3.5/Modules/CMakeCCompilerABI.c
Linking C executable cmTC_c5100.wasm
/usr/bin/cmake -E cmake_link_script CMakeFiles/cmTC_c5100.dir/link.txt --verbose=1
/usr/local/eosio.cdt/bin/eosio-ld  -v CMakeFiles/cmTC_c5100.dir/CMakeCCompilerABI.c.obj -o cmTC_c5100.wasm  
eosio-ld: Unknown command line argument '-v'.  Try: '/usr/local/eosio.cdt/bin/eosio-ld -help'
eosio-ld: Did you mean '-L'?
CMakeFiles/cmTC_c5100.dir/build.make:97: recipe for target 'cmTC_c5100.wasm' failed
make[4]: *** [cmTC_c5100.wasm] Error 1
make[4]: Leaving directory '/home/sean/Documents/briko/sean/eosio.cdt/examples/hello/build/hello/CMakeFiles/CMakeTmp'
Makefile:126: recipe for target 'cmTC_c5100/fast' failed
make[3]: *** [cmTC_c5100/fast] Error 2
make[3]: Leaving directory '/home/sean/Documents/briko/sean/eosio.cdt/examples/hello/build/hello/CMakeFiles/CMakeTmp'



Detecting CXX compiler ABI info failed to compile with the following output:
Change Dir: /home/sean/Documents/briko/sean/eosio.cdt/examples/hello/build/hello/CMakeFiles/CMakeTmp

Run Build Command:"/usr/bin/make" "cmTC_1c1fc/fast"
make[3]: Entering directory '/home/sean/Documents/briko/sean/eosio.cdt/examples/hello/build/hello/CMakeFiles/CMakeTmp'
/usr/bin/make -f CMakeFiles/cmTC_1c1fc.dir/build.make CMakeFiles/cmTC_1c1fc.dir/build
make[4]: Entering directory '/home/sean/Documents/briko/sean/eosio.cdt/examples/hello/build/hello/CMakeFiles/CMakeTmp'
Building CXX object CMakeFiles/cmTC_1c1fc.dir/CMakeCXXCompilerABI.cpp.obj
/usr/local/eosio.cdt/bin/eosio-cpp      -o CMakeFiles/cmTC_1c1fc.dir/CMakeCXXCompilerABI.cpp.obj -c /usr/share/cmake-3.5/Modules/CMakeCXXCompilerABI.cpp
Linking CXX executable cmTC_1c1fc.wasm
/usr/bin/cmake -E cmake_link_script CMakeFiles/cmTC_1c1fc.dir/link.txt --verbose=1
/usr/local/eosio.cdt/bin/eosio-ld  -v CMakeFiles/cmTC_1c1fc.dir/CMakeCXXCompilerABI.cpp.obj -o cmTC_1c1fc.wasm  
eosio-ld: Unknown command line argument '-v'.  Try: '/usr/local/eosio.cdt/bin/eosio-ld -help'
eosio-ld: Did you mean '-L'?
CMakeFiles/cmTC_1c1fc.dir/build.make:97: recipe for target 'cmTC_1c1fc.wasm' failed
make[4]: *** [cmTC_1c1fc.wasm] Error 1
make[4]: Leaving directory '/home/sean/Documents/briko/sean/eosio.cdt/examples/hello/build/hello/CMakeFiles/CMakeTmp'
Makefile:126: recipe for target 'cmTC_1c1fc/fast' failed
make[3]: *** [cmTC_1c1fc/fast] Error 2
make[3]: Leaving directory '/home/sean/Documents/briko/sean/eosio.cdt/examples/hello/build/hello/CMakeFiles/CMakeTmp'



Detecting CXX [-std=c++14] compiler features failed to compile with the following output:
Change Dir: /home/sean/Documents/briko/sean/eosio.cdt/examples/hello/build/hello/CMakeFiles/CMakeTmp

Run Build Command:"/usr/bin/make" "cmTC_9074b/fast"
make[3]: Entering directory '/home/sean/Documents/briko/sean/eosio.cdt/examples/hello/build/hello/CMakeFiles/CMakeTmp'
/usr/bin/make -f CMakeFiles/cmTC_9074b.dir/build.make CMakeFiles/cmTC_9074b.dir/build
make[4]: Entering directory '/home/sean/Documents/briko/sean/eosio.cdt/examples/hello/build/hello/CMakeFiles/CMakeTmp'
Building CXX object CMakeFiles/cmTC_9074b.dir/feature_tests.cxx.obj
/usr/local/eosio.cdt/bin/eosio-cpp     -std=c++14 -o CMakeFiles/cmTC_9074b.dir/feature_tests.cxx.obj -c /home/sean/Documents/briko/sean/eosio.cdt/examples/hello/build/hello/CMakeFiles/feature_tests.cxx
Linking CXX executable cmTC_9074b.wasm
/usr/bin/cmake -E cmake_link_script CMakeFiles/cmTC_9074b.dir/link.txt --verbose=1
/usr/local/eosio.cdt/bin/eosio-ld   CMakeFiles/cmTC_9074b.dir/feature_tests.cxx.obj -o cmTC_9074b.wasm 
/usr/local/eosio.cdt/bin/wasm-ld: error: fatal failure: contract with no actions and trying to create dispatcher
CMakeFiles/cmTC_9074b.dir/build.make:97: recipe for target 'cmTC_9074b.wasm' failed
make[4]: *** [cmTC_9074b.wasm] Error 255
make[4]: Leaving directory '/home/sean/Documents/briko/sean/eosio.cdt/examples/hello/build/hello/CMakeFiles/CMakeTmp'
Makefile:126: recipe for target 'cmTC_9074b/fast' failed
make[3]: *** [cmTC_9074b/fast] Error 2
make[3]: Leaving directory '/home/sean/Documents/briko/sean/eosio.cdt/examples/hello/build/hello/CMakeFiles/CMakeTmp'



